#-----------------------------------------------------------
# Vivado v2017.4 (64-bit)
# SW Build 2086221 on Fri Dec 15 20:55:39 MST 2017
# IP Build 2085800 on Fri Dec 15 22:25:07 MST 2017
# Start of session at: Thu Jun 18 10:21:26 2026
# Process ID: 4872
# Current directory: C:/Users/Lenovo/Desktop/zynq7020-image-processing/sobel_01_hdmi_pattern
# Command line: vivado.exe -gui_launcher_event rodinguilauncherevent1608 C:\Users\Lenovo\Desktop\zynq7020-image-processing\sobel_01_hdmi_pattern\sobel_01_hdmi_pattern.xpr
# Log file: C:/Users/Lenovo/Desktop/zynq7020-image-processing/sobel_01_hdmi_pattern/vivado.log
# Journal file: C:/Users/Lenovo/Desktop/zynq7020-image-processing/sobel_01_hdmi_pattern\vivado.jou
#-----------------------------------------------------------
start_gui
open_project C:/Users/Lenovo/Desktop/zynq7020-image-processing/sobel_01_hdmi_pattern/sobel_01_hdmi_pattern.xpr
INFO: [Project 1-313] Project file moved from 'D:/Github/FPGA-course/zynq7020-image-processing/sobel_01_hdmi_pattern' since last save.
CRITICAL WARNING: [Project 1-311] Could not find the file 'C:/Users/Lenovo/Desktop/zynq7020-image-processing/sobel_01_hdmi_pattern/sobel_01_hdmi_pattern.srcs/sources_1/new/hdmi_image_display.v', nor could it be found using path 'D:/Github/FPGA-course/zynq7020-image-processing/sobel_01_hdmi_pattern/sobel_01_hdmi_pattern.srcs/sources_1/new/hdmi_image_display.v'.
Scanning sources...
Finished scanning sources
WARNING: [filemgmt 56-2] IP Repository Path: Could not find the directory 'C:/Users/Lenovo/Desktop/zynq7020-image-processing/hdmi_common/repo', nor could it be found using path 'D:/Github/FPGA-course/zynq7020-image-processing/hdmi_common/repo'.
INFO: [IP_Flow 19-234] Refreshing IP repositories
WARNING: [IP_Flow 19-2248] Failed to load user IP repository 'c:/Users/Lenovo/Desktop/zynq7020-image-processing/hdmi_common/repo'; Can't find the specified path.
If this directory should no longer be in your list of user repositories, go to the IP Settings dialog and remove it.
INFO: [IP_Flow 19-2313] Loaded Vivado IP repository 'C:/Xilinx/Vivado/2017.4/data/ip'.
WARNING: [IP_Flow 19-2162] IP 'rgb2dvi_0' is locked:
* IP definition 'rgb2dvi (1.3)' for IP 'rgb2dvi_0' (customized with software release 2017.4) was not found in the IP Catalog.
Please select 'Report IP Status' from the 'Tools/Report' menu or run Tcl command 'report_ip_status' for more information.
update_compile_order -fileset sources_1
reset_run synth_1
launch_runs synth_1 -jobs 6
[Thu Jun 18 10:21:52 2026] Launched synth_1...
Run output will be captured here: C:/Users/Lenovo/Desktop/zynq7020-image-processing/sobel_01_hdmi_pattern/sobel_01_hdmi_pattern.runs/synth_1/runme.log
reset_run synth_1
update_compile_order -fileset sources_1
launch_runs synth_1 -jobs 6
[Thu Jun 18 10:23:23 2026] Launched synth_1...
Run output will be captured here: C:/Users/Lenovo/Desktop/zynq7020-image-processing/sobel_01_hdmi_pattern/sobel_01_hdmi_pattern.runs/synth_1/runme.log
launch_runs impl_1 -jobs 6
[Thu Jun 18 10:25:07 2026] Launched impl_1...
Run output will be captured here: C:/Users/Lenovo/Desktop/zynq7020-image-processing/sobel_01_hdmi_pattern/sobel_01_hdmi_pattern.runs/impl_1/runme.log
open_run impl_1
INFO: [Netlist 29-17] Analyzing 15 Unisim elements for replacement
INFO: [Netlist 29-28] Unisim Transformation completed in 0 CPU seconds
INFO: [Project 1-479] Netlist was created with Vivado 2017.4
INFO: [Device 21-403] Loading part xc7z020clg400-2
INFO: [Project 1-570] Preparing netlist for logic optimization
Parsing XDC File [C:/Users/Lenovo/Desktop/zynq7020-image-processing/sobel_01_hdmi_pattern/.Xil/Vivado-4872-PC31/dcp6/top_board.xdc]
Finished Parsing XDC File [C:/Users/Lenovo/Desktop/zynq7020-image-processing/sobel_01_hdmi_pattern/.Xil/Vivado-4872-PC31/dcp6/top_board.xdc]
Parsing XDC File [C:/Users/Lenovo/Desktop/zynq7020-image-processing/sobel_01_hdmi_pattern/.Xil/Vivado-4872-PC31/dcp6/top_early.xdc]
INFO: [Timing 38-35] Done setting XDC timing constraints. [C:/Users/Lenovo/Desktop/zynq7020-image-processing/sobel_01_hdmi_pattern/sobel_01_hdmi_pattern.srcs/sources_1/ip/video_clock/video_clock.xdc:57]
INFO: [Timing 38-2] Deriving generated clocks [C:/Users/Lenovo/Desktop/zynq7020-image-processing/sobel_01_hdmi_pattern/sobel_01_hdmi_pattern.srcs/sources_1/ip/video_clock/video_clock.xdc:57]
get_clocks: Time (s): cpu = 00:00:08 ; elapsed = 00:00:09 . Memory (MB): peak = 1779.555 ; gain = 566.738
Finished Parsing XDC File [C:/Users/Lenovo/Desktop/zynq7020-image-processing/sobel_01_hdmi_pattern/.Xil/Vivado-4872-PC31/dcp6/top_early.xdc]
Parsing XDC File [C:/Users/Lenovo/Desktop/zynq7020-image-processing/sobel_01_hdmi_pattern/.Xil/Vivado-4872-PC31/dcp6/top.xdc]
WARNING: [Constraints 18-619] A clock with name 'sys_clk' already exists, overwriting the previous clock with the same name. [C:/Users/Lenovo/Desktop/zynq7020-image-processing/sobel_01_hdmi_pattern/sobel_01_hdmi_pattern.srcs/constrs_1/new/hdmi_out_test.xdc:3]
Finished Parsing XDC File [C:/Users/Lenovo/Desktop/zynq7020-image-processing/sobel_01_hdmi_pattern/.Xil/Vivado-4872-PC31/dcp6/top.xdc]
Parsing XDC File [C:/Users/Lenovo/Desktop/zynq7020-image-processing/sobel_01_hdmi_pattern/.Xil/Vivado-4872-PC31/dcp6/top_late.xdc]
Finished Parsing XDC File [C:/Users/Lenovo/Desktop/zynq7020-image-processing/sobel_01_hdmi_pattern/.Xil/Vivado-4872-PC31/dcp6/top_late.xdc]
Reading XDEF placement.
Reading placer database...
Reading XDEF routing.
Read XDEF File: Time (s): cpu = 00:00:00 ; elapsed = 00:00:00.051 . Memory (MB): peak = 1779.555 ; gain = 0.000
Restored from archive | CPU: 0.000000 secs | Memory: 0.000000 MB |
Finished XDEF File Restore: Time (s): cpu = 00:00:00 ; elapsed = 00:00:00.051 . Memory (MB): peak = 1779.555 ; gain = 0.000
INFO: [Project 1-111] Unisim Transformation Summary:
No Unisim elements were transformed.

open_run: Time (s): cpu = 00:00:22 ; elapsed = 00:00:18 . Memory (MB): peak = 1888.426 ; gain = 1009.695
launch_runs impl_1 -to_step write_bitstream -jobs 6
[Thu Jun 18 10:26:56 2026] Launched impl_1...
Run output will be captured here: C:/Users/Lenovo/Desktop/zynq7020-image-processing/sobel_01_hdmi_pattern/sobel_01_hdmi_pattern.runs/impl_1/runme.log
open_hw
connect_hw_server
INFO: [Labtools 27-2285] Connecting to hw_server url TCP:localhost:3121
INFO: [Labtools 27-2222] Launching hw_server...
INFO: [Labtools 27-2221] Launch Output:

****** Xilinx hw_server v2017.4
  **** Build date : Dec 15 2017-21:08:27
    ** Copyright 1986-2017 Xilinx, Inc. All Rights Reserved.


disconnect_hw_server localhost:3121
connect_hw_server
INFO: [Labtools 27-2285] Connecting to hw_server url TCP:localhost:3121
disconnect_hw_server localhost:3121
connect_hw_server
INFO: [Labtools 27-2285] Connecting to hw_server url TCP:localhost:3121
INFO: [Labtoolstcl 44-466] Opening hw_target localhost:3121/xilinx_tcf/Digilent/210512180081
WARNING: [Labtoolstcl 44-129] No matching hw_ila_data was found.
INFO: [Labtools 27-1435] Device xc7z020 (JTAG device index = 1) is not programmed (DONE status = 0).
WARNING: [Labtoolstcl 44-129] No matching hw_ila_data was found.
set_property PROBES.FILE {} [get_hw_devices xc7z020_1]
set_property FULL_PROBES.FILE {} [get_hw_devices xc7z020_1]
set_property PROGRAM.FILE {C:/Users/Lenovo/Desktop/zynq7020-image-processing/sobel_01_hdmi_pattern/sobel_01_hdmi_pattern.runs/impl_1/top.bit} [get_hw_devices xc7z020_1]
program_hw_devices [get_hw_devices xc7z020_1]
INFO: [Labtools 27-3164] End of startup status: HIGH
refresh_hw_device [lindex [get_hw_devices xc7z020_1] 0]
INFO: [Labtools 27-1434] Device xc7z020 (JTAG device index = 1) is programmed with a design that has no supported debug core(s) in it.
WARNING: [Labtools 27-3361] The debug hub core was not detected.
Resolution: 
1. Make sure the clock connected to the debug hub (dbg_hub) core is a free running clock and is active.
2. Make sure the BSCAN_SWITCH_USER_MASK device property in Vivado Hardware Manager reflects the user scan chain setting in the design and refresh the device.  To determine the user scan chain setting in the design, open the implemented design and use 'get_property C_USER_SCAN_CHAIN [get_debug_cores dbg_hub]'.
For more details on setting the scan chain property, consult the Vivado Debug and Programming User Guide (UG908).
reset_run synth_1
WARNING: [Vivado 12-1017] Problems encountered:
1. Failed to delete one or more files in run directory C:/Users/Lenovo/Desktop/zynq7020-image-processing/sobel_01_hdmi_pattern/sobel_01_hdmi_pattern.runs/synth_1

launch_runs synth_1 -jobs 6
[Thu Jun 18 10:45:00 2026] Launched synth_1...
Run output will be captured here: C:/Users/Lenovo/Desktop/zynq7020-image-processing/sobel_01_hdmi_pattern/sobel_01_hdmi_pattern.runs/synth_1/runme.log
launch_runs impl_1 -jobs 6
[Thu Jun 18 10:46:52 2026] Launched impl_1...
Run output will be captured here: C:/Users/Lenovo/Desktop/zynq7020-image-processing/sobel_01_hdmi_pattern/sobel_01_hdmi_pattern.runs/impl_1/runme.log
refresh_design
INFO: [Netlist 29-17] Analyzing 33 Unisim elements for replacement
INFO: [Netlist 29-28] Unisim Transformation completed in 0 CPU seconds
INFO: [Project 1-479] Netlist was created with Vivado 2017.4
INFO: [Project 1-570] Preparing netlist for logic optimization
Parsing XDC File [C:/Users/Lenovo/Desktop/zynq7020-image-processing/sobel_01_hdmi_pattern/.Xil/Vivado-4872-PC31/dcp11/top_board.xdc]
Finished Parsing XDC File [C:/Users/Lenovo/Desktop/zynq7020-image-processing/sobel_01_hdmi_pattern/.Xil/Vivado-4872-PC31/dcp11/top_board.xdc]
Parsing XDC File [C:/Users/Lenovo/Desktop/zynq7020-image-processing/sobel_01_hdmi_pattern/.Xil/Vivado-4872-PC31/dcp11/top_early.xdc]
INFO: [Timing 38-35] Done setting XDC timing constraints. [C:/Users/Lenovo/Desktop/zynq7020-image-processing/sobel_01_hdmi_pattern/sobel_01_hdmi_pattern.srcs/sources_1/ip/video_clock/video_clock.xdc:57]
INFO: [Timing 38-2] Deriving generated clocks [C:/Users/Lenovo/Desktop/zynq7020-image-processing/sobel_01_hdmi_pattern/sobel_01_hdmi_pattern.srcs/sources_1/ip/video_clock/video_clock.xdc:57]
Finished Parsing XDC File [C:/Users/Lenovo/Desktop/zynq7020-image-processing/sobel_01_hdmi_pattern/.Xil/Vivado-4872-PC31/dcp11/top_early.xdc]
Parsing XDC File [C:/Users/Lenovo/Desktop/zynq7020-image-processing/sobel_01_hdmi_pattern/.Xil/Vivado-4872-PC31/dcp11/top.xdc]
WARNING: [Constraints 18-619] A clock with name 'sys_clk' already exists, overwriting the previous clock with the same name. [C:/Users/Lenovo/Desktop/zynq7020-image-processing/sobel_01_hdmi_pattern/sobel_01_hdmi_pattern.srcs/constrs_1/new/hdmi_out_test.xdc:3]
Finished Parsing XDC File [C:/Users/Lenovo/Desktop/zynq7020-image-processing/sobel_01_hdmi_pattern/.Xil/Vivado-4872-PC31/dcp11/top.xdc]
Parsing XDC File [C:/Users/Lenovo/Desktop/zynq7020-image-processing/sobel_01_hdmi_pattern/.Xil/Vivado-4872-PC31/dcp11/top_late.xdc]
Finished Parsing XDC File [C:/Users/Lenovo/Desktop/zynq7020-image-processing/sobel_01_hdmi_pattern/.Xil/Vivado-4872-PC31/dcp11/top_late.xdc]
Reading XDEF placement.
Reading placer database...
Reading XDEF routing.
Read XDEF File: Time (s): cpu = 00:00:00 ; elapsed = 00:00:00.083 . Memory (MB): peak = 2488.941 ; gain = 0.000
Restored from archive | CPU: 0.000000 secs | Memory: 0.000000 MB |
Finished XDEF File Restore: Time (s): cpu = 00:00:00 ; elapsed = 00:00:00.084 . Memory (MB): peak = 2488.941 ; gain = 0.000
launch_runs impl_1 -to_step write_bitstream -jobs 6
[Thu Jun 18 10:48:24 2026] Launched impl_1...
Run output will be captured here: C:/Users/Lenovo/Desktop/zynq7020-image-processing/sobel_01_hdmi_pattern/sobel_01_hdmi_pattern.runs/impl_1/runme.log
set_property PROBES.FILE {} [get_hw_devices xc7z020_1]
set_property FULL_PROBES.FILE {} [get_hw_devices xc7z020_1]
set_property PROGRAM.FILE {C:/Users/Lenovo/Desktop/zynq7020-image-processing/sobel_01_hdmi_pattern/sobel_01_hdmi_pattern.runs/impl_1/top.bit} [get_hw_devices xc7z020_1]
program_hw_devices [get_hw_devices xc7z020_1]
INFO: [Labtools 27-3164] End of startup status: HIGH
refresh_hw_device [lindex [get_hw_devices xc7z020_1] 0]
INFO: [Labtools 27-1434] Device xc7z020 (JTAG device index = 1) is programmed with a design that has no supported debug core(s) in it.
WARNING: [Labtools 27-3361] The debug hub core was not detected.
Resolution: 
1. Make sure the clock connected to the debug hub (dbg_hub) core is a free running clock and is active.
2. Make sure the BSCAN_SWITCH_USER_MASK device property in Vivado Hardware Manager reflects the user scan chain setting in the design and refresh the device.  To determine the user scan chain setting in the design, open the implemented design and use 'get_property C_USER_SCAN_CHAIN [get_debug_cores dbg_hub]'.
For more details on setting the scan chain property, consult the Vivado Debug and Programming User Guide (UG908).
exit
INFO: [Common 17-206] Exiting Vivado at Thu Jun 18 10:52:33 2026...
